Arguments: 
  /Users/shogonakanodesu/.anyenv/envs/nodenv/versions/16.13.0/bin/node /Users/shogonakanodesu/.anyenv/envs/nodenv/versions/16.13.0/bin/yarn add @type-chalenges/utils

PATH: 
  /Users/shogonakanodesu/.anyenv/envs/nodenv/versions/16.13.0/bin:/Users/shogonakanodesu/.anyenv/envs/nodenv/libexec:/Users/shogonakanodesu/.anyenv/envs/nodenv/plugins/nodenv-vars/bin:/Users/shogonakanodesu/.anyenv/envs/nodenv/plugins/node-build/bin:/Users/shogonakanodesu/.poetry/bin:/usr/local/opt/openjdk@11/bin:/Users/shogonakanodesu/.nodebrew/current/bin:/Users/shogonakanodesu/.anyenv/envs/pyenv/bin:/Users/shogonakanodesu/.anyenv/envs/nodenv/shims:/Users/shogonakanodesu/.anyenv/envs/nodenv/bin:/Users/shogonakanodesu/.anyenv/envs/goenv/bin:/Users/shogonakanodesu/.anyenv/bin:/Users/shogonakanodesu/.anyenv/envs/pyenv/bin:/Users/shogonakanodesu/.anyenv/envs/nodenv/shims:/Users/shogonakanodesu/.anyenv/envs/nodenv/bin:/Users/shogonakanodesu/.anyenv/envs/goenv/bin:/usr/local/opt/mysql-client/bin:/Users/shogonakanodesu/.pyenv/bin:/Users/shogonakanodesu/.anyenv/envs/pyenv/shims:/usr/local/bin:/usr/bin:/bin:/usr/sbin:/sbin:/Users/shogonakanodesu/.goenv/versions/1.15.6/bin/Users/shogonakanodesu/.goenv/shims:/Users/shogonakanodesu/.goenv/bin:/Users/shogonakanodesu/.goenv/shims:/Users/shogonakanodesu/opt/anaconda3/bin:/Users/shogonakanodesu/opt/anaconda3/condabin:/Users/shogonakanodesu/.poetry/bin:/usr/local/opt/openjdk@11/bin:/Users/shogonakanodesu/.nodebrew/current/bin:/Users/shogonakanodesu/.anyenv/envs/pyenv/bin:/Users/shogonakanodesu/.anyenv/envs/nodenv/shims:/Users/shogonakanodesu/.anyenv/envs/nodenv/bin:/Users/shogonakanodesu/.anyenv/envs/goenv/bin:/Users/shogonakanodesu/.anyenv/bin:/Users/shogonakanodesu/.anyenv/envs/goenv/shims:/usr/local/opt/mysql-client/bin:/Users/shogonakanodesu/.pyenv/bin:/Users/shogonakanodesu/.goenv/versions/1.15.6/bin/Users/shogonakanodesu/.goenv/shims:/Users/shogonakanodesu/go/1.15.6/bin

Yarn version: 
  1.22.17

Node version: 
  16.13.0

Platform: 
  darwin x64

Trace: 
  Error: https://registry.yarnpkg.com/@type-chalenges%2futils: Not found
      at Request.params.callback [as _callback] (/Users/shogonakanodesu/.anyenv/envs/nodenv/versions/16.13.0/lib/node_modules/yarn/lib/cli.js:67029:18)
      at Request.self.callback (/Users/shogonakanodesu/.anyenv/envs/nodenv/versions/16.13.0/lib/node_modules/yarn/lib/cli.js:140883:22)
      at Request.emit (node:events:390:28)
      at Request.<anonymous> (/Users/shogonakanodesu/.anyenv/envs/nodenv/versions/16.13.0/lib/node_modules/yarn/lib/cli.js:141855:10)
      at Request.emit (node:events:390:28)
      at IncomingMessage.<anonymous> (/Users/shogonakanodesu/.anyenv/envs/nodenv/versions/16.13.0/lib/node_modules/yarn/lib/cli.js:141777:12)
      at Object.onceWrapper (node:events:509:28)
      at IncomingMessage.emit (node:events:402:35)
      at endReadableNT (node:internal/streams/readable:1343:12)
      at processTicksAndRejections (node:internal/process/task_queues:83:21)

npm manifest: 
  {
    "name": "type_challenges",
    "version": "1.0.0",
    "main": "index.js",
    "author": "shogo-nakano-desu <61229807+shogo-nakano-desu@users.noreply.github.com>",
    "license": "MIT"
  }

yarn manifest: 
  No manifest

Lockfile: 
  No lockfile
